<?xml version="1.0" encoding="UTF-8"?>
<testsuite name="RationalTest" tests="10" skipped="0" failures="0" errors="0" timestamp="2022-09-12T02:14:38" hostname="SNNSP" time="0.003">
  <properties/>
  <testcase name="testAdd" classname="RationalTest" time="0.002"/>
  <testcase name="testSubtract" classname="RationalTest" time="0.0"/>
  <testcase name="testEqual" classname="RationalTest" time="0.0"/>
  <testcase name="testToString" classname="RationalTest" time="0.0"/>
  <testcase name="testCompareTo" classname="RationalTest" time="0.0"/>
  <testcase name="testDivide" classname="RationalTest" time="0.001"/>
  <testcase name="testEqual2" classname="RationalTest" time="0.0"/>
  <testcase name="testEqual3" classname="RationalTest" time="0.0"/>
  <testcase name="testEqual4" classname="RationalTest" time="0.0"/>
  <testcase name="testMultiply" classname="RationalTest" time="0.0"/>
  <system-out><![CDATA[]]></system-out>
  <system-err><![CDATA[]]></system-err>
</testsuite>
